  CGame.cpp
D:\Cs202\cs202-18apcs3-group01\CrossingRoad\CrossingRoad\GameSetting.h(2,10): fatal error C1083: Cannot open include file: 'SFML/Graphics.hpp': No such file or directory
  CPeople.cpp
D:\Cs202\cs202-18apcs3-group01\CrossingRoad\CrossingRoad\GameSetting.h(2,10): fatal error C1083: Cannot open include file: 'SFML/Graphics.hpp': No such file or directory
  GameSetting.cpp
D:\Cs202\cs202-18apcs3-group01\CrossingRoad\CrossingRoad\GameSetting.h(2,10): fatal error C1083: Cannot open include file: 'SFML/Graphics.hpp': No such file or directory
  Helper.cpp
D:\Cs202\cs202-18apcs3-group01\CrossingRoad\CrossingRoad\Helper.cpp(20,15): warning C4244: 'argument': conversion from 'time_t' to 'unsigned int', possible loss of data
  Main.cpp
D:\Cs202\cs202-18apcs3-group01\CrossingRoad\CrossingRoad\GameSetting.h(2,10): fatal error C1083: Cannot open include file: 'SFML/Graphics.hpp': No such file or directory
  MovingObstacle.cpp
D:\Cs202\cs202-18apcs3-group01\CrossingRoad\CrossingRoad\GameSetting.h(2,10): fatal error C1083: Cannot open include file: 'SFML/Graphics.hpp': No such file or directory
  Obstacle.cpp
D:\Cs202\cs202-18apcs3-group01\CrossingRoad\CrossingRoad\GameSetting.h(2,10): fatal error C1083: Cannot open include file: 'SFML/Graphics.hpp': No such file or directory
  ObstacleFactory.cpp
D:\Cs202\cs202-18apcs3-group01\CrossingRoad\CrossingRoad\GameSetting.h(2,10): fatal error C1083: Cannot open include file: 'SFML/Graphics.hpp': No such file or directory
  Route.cpp
D:\Cs202\cs202-18apcs3-group01\CrossingRoad\CrossingRoad\GameSetting.h(2,10): fatal error C1083: Cannot open include file: 'SFML/Graphics.hpp': No such file or directory
  Startup.cpp
D:\Cs202\cs202-18apcs3-group01\CrossingRoad\CrossingRoad\GameSetting.h(2,10): fatal error C1083: Cannot open include file: 'SFML/Graphics.hpp': No such file or directory
  Tree.cpp
D:\Cs202\cs202-18apcs3-group01\CrossingRoad\CrossingRoad\GameSetting.h(2,10): fatal error C1083: Cannot open include file: 'SFML/Graphics.hpp': No such file or directory
  Generating Code...
